writeCommonTags: couldn't write 'year' tag to 'Blind Dayz Siyeon.wav' as it's not a positive integer
writeCommonTags: couldn't write 'track' tag to 'Blind Dayz Siyeon.wav' as it's not a positive integer
writeCommonTags: couldn't write 'year' tag to '허각(Huh Gak) - 하늘을 달리다(Running in the Sky)-l1BPv13eOKw.m4a' as it's not a positive integer
writeCommonTags: couldn't write 'track' tag to 'Blind Dayz Siyeon.wav' as it's not a positive integer
writeCommonTags: couldn't write 'year' tag to '[V LIVE] [COVER U] 어쩌나(Oh My!) - SEVENTEEN (Covered by Rocket Punch)-161447.m4a' as it's not a positive integer
writeCommonTags: couldn't write 'track' tag to '[V LIVE] [COVER U] 어쩌나(Oh My!) - SEVENTEEN (Covered by Rocket Punch)-161447.m4a' as it's not a positive integer
writeCommonTags: couldn't write 'track' tag to 'Blind Dayz Siyeon.wav' as it's not a positive integer
writeCommonTags: couldn't write 'track' tag to 'Blind Dayz Siyeon.wav' as it's not a positive integer
writeCommonTags: couldn't write 'track' tag to '어쩌나(Oh My!) - SEVENTEEN (Covered by Rocket Punch).wav' as it's not a positive integer
writeCommonTags: couldn't write 'year' tag to '허각(Huh Gak) - 하늘을 달리다(Running in the Sky)-l1BPv13eOKw.m4a' as it's not a positive integer
writeCommonTags: couldn't write 'track' tag to 'Blind Dayz Siyeon.wav' as it's not a positive integer
writeCommonTags: couldn't write 'year' tag to '어쩌나(Oh My!) - SEVENTEEN (Covered by Rocket Punch).wav' as it's not a positive integer
writeCommonTags: couldn't write 'track' tag to '어쩌나(Oh My!) - SEVENTEEN (Covered by Rocket Punch).wav' as it's not a positive integer
writeCommonTags: couldn't write 'track' tag to 'Blind Dayz Siyeon.wav' as it's not a positive integer
writeCommonTags: couldn't write 'track' tag to '어쩌나(Oh My!) - SEVENTEEN (Covered by Rocket Punch).wav' as it's not a positive integer
writeCommonTags: couldn't write 'year' tag to '허각(Huh Gak) - 하늘을 달리다(Running in the Sky)-l1BPv13eOKw.m4a' as it's not a positive integer
writeCommonTags: couldn't write 'track' tag to 'Blind Dayz Siyeon.wav' as it's not a positive integer
writeCommonTags: couldn't write 'year' tag to '어쩌나(Oh My!) - SEVENTEEN (Covered by Rocket Punch).wav' as it's not a positive integer
writeCommonTags: couldn't write 'track' tag to '어쩌나(Oh My!) - SEVENTEEN (Covered by Rocket Punch).wav' as it's not a positive integer
writeCommonTags: couldn't write 'track' tag to 'Blind Dayz Siyeon.wav' as it's not a positive integer
writeCommonTags: couldn't write 'year' tag to '어쩌나(Oh My!) - SEVENTEEN (Covered by Rocket Punch).wav' as it's not a positive integer
writeCommonTags: couldn't write 'track' tag to '어쩌나(Oh My!) - SEVENTEEN (Covered by Rocket Punch).wav' as it's not a positive integer
writeCommonTags: couldn't write 'track' tag to 'Blind Dayz Siyeon.wav' as it's not a positive integer
writeCommonTags: couldn't write 'year' tag to '어쩌나(Oh My!) - SEVENTEEN (Covered by Rocket Punch).wav' as it's not a positive integer
writeCommonTags: couldn't write 'track' tag to '어쩌나(Oh My!) - SEVENTEEN (Covered by Rocket Punch).wav' as it's not a positive integer
writeCommonTags: couldn't write 'track' tag to 'Blind Dayz Siyeon.wav' as it's not a positive integer
writeCommonTags: couldn't write 'year' tag to '어쩌나(Oh My!) - SEVENTEEN (Covered by Rocket Punch).wav' as it's not a positive integer
writeCommonTags: couldn't write 'track' tag to '어쩌나(Oh My!) - SEVENTEEN (Covered by Rocket Punch).wav' as it's not a positive integer
writeCommonTags: couldn't write 'track' tag to 'Blind Dayz Siyeon.wav' as it's not a positive integer
writeCommonTags: couldn't write 'track' tag to '허각(Huh Gak) - 하늘을 달리다(Running in the Sky)-l1BPv13eOKw.m4a' as it's not a positive integer
writeCommonTags: couldn't write 'year' tag to 'Korean/IZ*ONE/Rise - Jonas Blue ft IZ_ONE (아이즈원).m4a' as it's not a positive integer
writeCommonTags: couldn't write 'year' tag to 'Korean/IZ*ONE/Rise - Jonas Blue ft IZ_ONE (아이즈원).m4a' as it's not a positive integer
writeCommonTags: couldn't write 'year' tag to 'Korean/IZ*ONE/Rise - Jonas Blue ft IZ_ONE (아이즈원).m4a' as it's not a positive integer
writeCommonTags: couldn't write 'year' tag to 'Korean/IZ*ONE/Rise - Jonas Blue ft IZ_ONE (아이즈원).m4a' as it's not a positive integer
writeCommonTags: couldn't write 'year' tag to 'Korean/IZ*ONE/Rise - Jonas Blue ft IZ_ONE (아이즈원).m4a' as it's not a positive integer
writeCommonTags: couldn't write 'year' tag to 'Korean/IZ*ONE/Rise - Jonas Blue ft IZ_ONE (아이즈원).m4a' as it's not a positive integer
writeCommonTags: couldn't write 'year' tag to 'Korean/IZ*ONE/Rise - Jonas Blue ft IZ_ONE (아이즈원).m4a' as it's not a positive integer
